nohup: ignoring input
[GIN-debug] [WARNING] Creating an Engine instance with the Logger and Recovery middleware already attached.

[GIN-debug] [WARNING] Running in "debug" mode. Switch to "release" mode in production.
 - using env:	export GIN_MODE=release
 - using code:	gin.SetMode(gin.ReleaseMode)

[GIN-debug] GET    /                         --> main.main.func1 (3 handlers)
[GIN-debug] GET    /ping                     --> main.main.func2 (3 handlers)
[GIN-debug] GET    /status                   --> main.main.func3 (3 handlers)
[GIN-debug] GET    /users                    --> main.main.func4 (3 handlers)
[GIN-debug] POST   /api/v1/register          --> syncpad/services/auth/internal/handler.(*AuthHandler).Register-fm (3 handlers)
[GIN-debug] POST   /api/v1/login             --> syncpad/services/auth/internal/handler.(*AuthHandler).Login-fm (3 handlers)
[GIN-debug] GET    /health                   --> main.main.func5 (3 handlers)
2026/01/06 13:59:47 Auth service starting on port :8081
[GIN-debug] [WARNING] You trusted all proxies, this is NOT safe. We recommend you to set a value.
Please check https://github.com/gin-gonic/gin/blob/master/docs/doc.md#dont-trust-all-proxies for details.
[GIN-debug] Listening and serving HTTP on :8081
[GIN] 2026/01/06 - 13:59:55 | 400 |     248.959µs |             ::1 | POST     "/api/v1/register"
[GIN] 2026/01/06 - 14:00:09 | 500 |   53.397076ms |             ::1 | POST     "/api/v1/register"
[GIN] 2026/01/06 - 14:00:17 | 500 |   51.517455ms |             ::1 | POST     "/api/v1/register"
[GIN] 2026/01/06 - 14:05:19 | 201 |   62.906302ms |             ::1 | POST     "/api/v1/register"
[GIN] 2026/01/06 - 14:06:17 | 404 |         970ns |             ::1 | GET      "/api/v1/register"
[GIN] 2026/01/06 - 14:06:18 | 404 |       1.443µs |             ::1 | GET      "/api/v1/register"
[GIN] 2026/01/06 - 14:06:18 | 404 |       1.129µs |             ::1 | GET      "/api/v1/register"
[GIN] 2026/01/06 - 14:06:18 | 404 |         938ns |             ::1 | GET      "/api/v1/register"
[GIN] 2026/01/06 - 14:06:18 | 404 |       1.023µs |             ::1 | GET      "/api/v1/register"
[GIN] 2026/01/06 - 14:06:18 | 404 |       1.502µs |             ::1 | GET      "/api/v1/register"
[GIN] 2026/01/06 - 14:06:34 | 201 |   74.064154ms |             ::1 | POST     "/api/v1/register"
[GIN] 2026/01/06 - 14:06:37 | 409 |     897.229µs |             ::1 | POST     "/api/v1/register"
[GIN] 2026/01/06 - 14:06:45 | 400 |     100.836µs |             ::1 | POST     "/api/v1/register"
[GIN] 2026/01/06 - 14:06:57 | 400 |      51.126µs |             ::1 | POST     "/api/v1/register"
[GIN] 2026/01/06 - 14:07:05 | 400 |      50.514µs |             ::1 | POST     "/api/v1/register"
signal: killed
